0 info it worked if it ends with ok
1 verbose cli [ '/usr/local/bin/node',
1 verbose cli   '/usr/local/bin/npm',
1 verbose cli   'run',
1 verbose cli   'docker-build' ]
2 info using npm@3.8.7
3 info using node@v4.4.3
4 verbose run-script [ 'predocker-build', 'docker-build', 'postdocker-build' ]
5 info lifecycle angular2-quickstart@1.0.0~predocker-build: angular2-quickstart@1.0.0
6 silly lifecycle angular2-quickstart@1.0.0~predocker-build: no script for predocker-build, continuing
7 info lifecycle angular2-quickstart@1.0.0~docker-build: angular2-quickstart@1.0.0
8 verbose lifecycle angular2-quickstart@1.0.0~docker-build: unsafe-perm in lifecycle true
9 verbose lifecycle angular2-quickstart@1.0.0~docker-build: PATH: /usr/local/lib/node_modules/npm/bin/node-gyp-bin:/Users/tk/Downloads/quickstart-master/node_modules/.bin:/usr/local/bin:/usr/local/bin:/usr/bin:/bin:/usr/sbin:/sbin:/usr/local/MacGPG2/bin
10 verbose lifecycle angular2-quickstart@1.0.0~docker-build: CWD: /Users/tk/Downloads/quickstart-master
11 silly lifecycle angular2-quickstart@1.0.0~docker-build: Args: [ '-c', 'docker build -t ng2-quickstart .' ]
12 info lifecycle angular2-quickstart@1.0.0~docker-build: Failed to exec docker-build script
13 verbose stack Error: angular2-quickstart@1.0.0 docker-build: `docker build -t ng2-quickstart .`
13 verbose stack spawn ENOENT
13 verbose stack     at ChildProcess.<anonymous> (/usr/local/lib/node_modules/npm/lib/utils/spawn.js:17:16)
13 verbose stack     at emitTwo (events.js:87:13)
13 verbose stack     at ChildProcess.emit (events.js:172:7)
13 verbose stack     at maybeClose (internal/child_process.js:827:16)
13 verbose stack     at Process.ChildProcess._handle.onexit (internal/child_process.js:211:5)
14 verbose pkgid angular2-quickstart@1.0.0
15 verbose cwd /Users/tk/Downloads/quickstart-master
16 error Darwin 15.5.0
17 error argv "/usr/local/bin/node" "/usr/local/bin/npm" "run" "docker-build"
18 error node v4.4.3
19 error npm  v3.8.7
20 error file sh
21 error code ELIFECYCLE
22 error errno ENOENT
23 error syscall spawn
24 error angular2-quickstart@1.0.0 docker-build: `docker build -t ng2-quickstart .`
24 error spawn ENOENT
25 error Failed at the angular2-quickstart@1.0.0 docker-build script 'docker build -t ng2-quickstart .'.
25 error Make sure you have the latest version of node.js and npm installed.
25 error If you do, this is most likely a problem with the angular2-quickstart package,
25 error not with npm itself.
25 error Tell the author that this fails on your system:
25 error     docker build -t ng2-quickstart .
25 error You can get information on how to open an issue for this project with:
25 error     npm bugs angular2-quickstart
25 error Or if that isn't available, you can get their info via:
25 error     npm owner ls angular2-quickstart
25 error There is likely additional logging output above.
26 verbose exit [ 1, true ]
